[0.667s] Invoking command in '/home/daniel/ros2_ws/src/robot_navigation': PYTHONPATH=/home/daniel/ros2_ws/build/robot_navigation/prefix_override:/usr/lib/python3/dist-packages/colcon_core/task/python/colcon_distutils_commands:/home/daniel/ros2_ws/install/robot_navigation/lib/python3.10/site-packages:${PYTHONPATH} /usr/bin/python3 -W ignore:setup.py install is deprecated -W ignore:easy_install command is deprecated setup.py egg_info --egg-base ../../build/robot_navigation build --build-base /home/daniel/ros2_ws/build/robot_navigation/build install --record /home/daniel/ros2_ws/build/robot_navigation/install.log --single-version-externally-managed install_data
[0.795s] running egg_info
[0.795s] writing ../../build/robot_navigation/robot_navigation.egg-info/PKG-INFO
[0.796s] writing dependency_links to ../../build/robot_navigation/robot_navigation.egg-info/dependency_links.txt
[0.796s] writing entry points to ../../build/robot_navigation/robot_navigation.egg-info/entry_points.txt
[0.796s] writing requirements to ../../build/robot_navigation/robot_navigation.egg-info/requires.txt
[0.796s] writing top-level names to ../../build/robot_navigation/robot_navigation.egg-info/top_level.txt
[0.797s] reading manifest file '../../build/robot_navigation/robot_navigation.egg-info/SOURCES.txt'
[0.798s] writing manifest file '../../build/robot_navigation/robot_navigation.egg-info/SOURCES.txt'
[0.798s] running build
[0.799s] running build_py
[0.799s] running install
[0.799s] running install_lib
[0.799s] running install_data
[0.800s] running install_egg_info
[0.801s] removing '/home/daniel/ros2_ws/install/robot_navigation/lib/python3.10/site-packages/robot_navigation-0.0.0-py3.10.egg-info' (and everything under it)
[0.802s] Copying ../../build/robot_navigation/robot_navigation.egg-info to /home/daniel/ros2_ws/install/robot_navigation/lib/python3.10/site-packages/robot_navigation-0.0.0-py3.10.egg-info
[0.803s] running install_scripts
[0.815s] writing list of installed files to '/home/daniel/ros2_ws/build/robot_navigation/install.log'
[0.835s] Invoked command in '/home/daniel/ros2_ws/src/robot_navigation' returned '0': PYTHONPATH=/home/daniel/ros2_ws/build/robot_navigation/prefix_override:/usr/lib/python3/dist-packages/colcon_core/task/python/colcon_distutils_commands:/home/daniel/ros2_ws/install/robot_navigation/lib/python3.10/site-packages:${PYTHONPATH} /usr/bin/python3 -W ignore:setup.py install is deprecated -W ignore:easy_install command is deprecated setup.py egg_info --egg-base ../../build/robot_navigation build --build-base /home/daniel/ros2_ws/build/robot_navigation/build install --record /home/daniel/ros2_ws/build/robot_navigation/install.log --single-version-externally-managed install_data
