[0.433s] Invoking command in '/home/daniel/ros2_ws/src/robot_navigation': PYTHONPATH=/home/daniel/ros2_ws/build/robot_navigation/prefix_override:/usr/lib/python3/dist-packages/colcon_core/task/python/colcon_distutils_commands:/home/daniel/ros2_ws/install/robot_navigation/lib/python3.10/site-packages:${PYTHONPATH} /usr/bin/python3 -W ignore:setup.py install is deprecated -W ignore:easy_install command is deprecated setup.py egg_info --egg-base ../../build/robot_navigation build --build-base /home/daniel/ros2_ws/build/robot_navigation/build install --record /home/daniel/ros2_ws/build/robot_navigation/install.log --single-version-externally-managed install_data
[0.567s] running egg_info
[0.567s] creating ../../build/robot_navigation/robot_navigation.egg-info
[0.568s] writing ../../build/robot_navigation/robot_navigation.egg-info/PKG-INFO
[0.568s] writing dependency_links to ../../build/robot_navigation/robot_navigation.egg-info/dependency_links.txt
[0.569s] writing entry points to ../../build/robot_navigation/robot_navigation.egg-info/entry_points.txt
[0.569s] writing requirements to ../../build/robot_navigation/robot_navigation.egg-info/requires.txt
[0.569s] writing top-level names to ../../build/robot_navigation/robot_navigation.egg-info/top_level.txt
[0.569s] writing manifest file '../../build/robot_navigation/robot_navigation.egg-info/SOURCES.txt'
[0.569s] reading manifest file '../../build/robot_navigation/robot_navigation.egg-info/SOURCES.txt'
[0.569s] writing manifest file '../../build/robot_navigation/robot_navigation.egg-info/SOURCES.txt'
[0.569s] running build
[0.569s] running build_py
[0.569s] creating /home/daniel/ros2_ws/build/robot_navigation/build
[0.569s] creating /home/daniel/ros2_ws/build/robot_navigation/build/lib
[0.571s] creating /home/daniel/ros2_ws/build/robot_navigation/build/lib/robot_navigation
[0.571s] copying robot_navigation/__init__.py -> /home/daniel/ros2_ws/build/robot_navigation/build/lib/robot_navigation
[0.571s] copying robot_navigation/astar.py -> /home/daniel/ros2_ws/build/robot_navigation/build/lib/robot_navigation
[0.571s] copying robot_navigation/navigation_node.py -> /home/daniel/ros2_ws/build/robot_navigation/build/lib/robot_navigation
[0.571s] running install
[0.571s] running install_lib
[0.571s] creating /home/daniel/ros2_ws/install/robot_navigation/lib/python3.10/site-packages/robot_navigation
[0.571s] copying /home/daniel/ros2_ws/build/robot_navigation/build/lib/robot_navigation/__init__.py -> /home/daniel/ros2_ws/install/robot_navigation/lib/python3.10/site-packages/robot_navigation
[0.571s] copying /home/daniel/ros2_ws/build/robot_navigation/build/lib/robot_navigation/astar.py -> /home/daniel/ros2_ws/install/robot_navigation/lib/python3.10/site-packages/robot_navigation
[0.572s] copying /home/daniel/ros2_ws/build/robot_navigation/build/lib/robot_navigation/navigation_node.py -> /home/daniel/ros2_ws/install/robot_navigation/lib/python3.10/site-packages/robot_navigation
[0.572s] byte-compiling /home/daniel/ros2_ws/install/robot_navigation/lib/python3.10/site-packages/robot_navigation/__init__.py to __init__.cpython-310.pyc
[0.572s] byte-compiling /home/daniel/ros2_ws/install/robot_navigation/lib/python3.10/site-packages/robot_navigation/astar.py to astar.cpython-310.pyc
[0.572s] byte-compiling /home/daniel/ros2_ws/install/robot_navigation/lib/python3.10/site-packages/robot_navigation/navigation_node.py to navigation_node.cpython-310.pyc
[0.572s] running install_data
[0.572s] creating /home/daniel/ros2_ws/install/robot_navigation/share/ament_index
[0.572s] creating /home/daniel/ros2_ws/install/robot_navigation/share/ament_index/resource_index
[0.572s] creating /home/daniel/ros2_ws/install/robot_navigation/share/ament_index/resource_index/packages
[0.572s] copying resource/robot_navigation -> /home/daniel/ros2_ws/install/robot_navigation/share/ament_index/resource_index/packages
[0.573s] copying package.xml -> /home/daniel/ros2_ws/install/robot_navigation/share/robot_navigation
[0.573s] running install_egg_info
[0.573s] Copying ../../build/robot_navigation/robot_navigation.egg-info to /home/daniel/ros2_ws/install/robot_navigation/lib/python3.10/site-packages/robot_navigation-0.0.0-py3.10.egg-info
[0.573s] running install_scripts
[0.587s] writing list of installed files to '/home/daniel/ros2_ws/build/robot_navigation/install.log'
[0.608s] Invoked command in '/home/daniel/ros2_ws/src/robot_navigation' returned '0': PYTHONPATH=/home/daniel/ros2_ws/build/robot_navigation/prefix_override:/usr/lib/python3/dist-packages/colcon_core/task/python/colcon_distutils_commands:/home/daniel/ros2_ws/install/robot_navigation/lib/python3.10/site-packages:${PYTHONPATH} /usr/bin/python3 -W ignore:setup.py install is deprecated -W ignore:easy_install command is deprecated setup.py egg_info --egg-base ../../build/robot_navigation build --build-base /home/daniel/ros2_ws/build/robot_navigation/build install --record /home/daniel/ros2_ws/build/robot_navigation/install.log --single-version-externally-managed install_data
