[0.014s] Invoking command in '/home/daniel/ros2_ws/build/my_robot': CMAKE_PREFIX_PATH=/opt/ros/humble /usr/bin/cmake /home/daniel/ros2_ws/src/my_robot -DAMENT_CMAKE_SYMLINK_INSTALL=1 -DCMAKE_INSTALL_PREFIX=/home/daniel/ros2_ws/install/my_robot
[0.024s] -- Found ament_cmake: 1.3.11 (/opt/ros/humble/share/ament_cmake/cmake)
[0.103s] -- Override CMake install command with custom implementation using symlinks instead of copying resources
[0.108s] -- Found ament_lint_auto: 0.12.11 (/opt/ros/humble/share/ament_lint_auto/cmake)
[0.161s] -- Added test 'flake8' to check Python code syntax and style conventions
[0.163s] -- Added test 'lint_cmake' to check CMake code style
[0.165s] -- Added test 'pep257' to check Python code against some of the docstring style conventions in PEP 257
[0.165s] -- Added test 'xmllint' to check XML markup files
[0.165s] -- Configuring done
[0.170s] -- Generating done
[0.176s] -- Build files have been written to: /home/daniel/ros2_ws/build/my_robot
[0.176s] Invoked command in '/home/daniel/ros2_ws/build/my_robot' returned '0': CMAKE_PREFIX_PATH=/opt/ros/humble /usr/bin/cmake /home/daniel/ros2_ws/src/my_robot -DAMENT_CMAKE_SYMLINK_INSTALL=1 -DCMAKE_INSTALL_PREFIX=/home/daniel/ros2_ws/install/my_robot
[0.186s] Invoking command in '/home/daniel/ros2_ws/build/my_robot': CMAKE_PREFIX_PATH=/opt/ros/humble /usr/bin/cmake --build /home/daniel/ros2_ws/build/my_robot -- -j2 -l2
[0.211s] Invoked command in '/home/daniel/ros2_ws/build/my_robot' returned '0': CMAKE_PREFIX_PATH=/opt/ros/humble /usr/bin/cmake --build /home/daniel/ros2_ws/build/my_robot -- -j2 -l2
[0.226s] Invoking command in '/home/daniel/ros2_ws/build/my_robot': CMAKE_PREFIX_PATH=/opt/ros/humble /usr/bin/cmake --install /home/daniel/ros2_ws/build/my_robot
[0.226s] -- Install configuration: ""
[0.226s] -- Execute custom install script
[0.226s] -- Up-to-date symlink: /home/daniel/ros2_ws/install/my_robot/share/ament_index/resource_index/package_run_dependencies/my_robot
[0.227s] -- Up-to-date symlink: /home/daniel/ros2_ws/install/my_robot/share/ament_index/resource_index/parent_prefix_path/my_robot
[0.227s] -- Up-to-date symlink: /home/daniel/ros2_ws/install/my_robot/share/my_robot/environment/ament_prefix_path.sh
[0.227s] -- Up-to-date symlink: /home/daniel/ros2_ws/install/my_robot/share/my_robot/environment/ament_prefix_path.dsv
[0.228s] -- Up-to-date symlink: /home/daniel/ros2_ws/install/my_robot/share/my_robot/environment/path.sh
[0.228s] -- Up-to-date symlink: /home/daniel/ros2_ws/install/my_robot/share/my_robot/environment/path.dsv
[0.228s] -- Up-to-date symlink: /home/daniel/ros2_ws/install/my_robot/share/my_robot/local_setup.bash
[0.228s] -- Up-to-date symlink: /home/daniel/ros2_ws/install/my_robot/share/my_robot/local_setup.sh
[0.228s] -- Up-to-date symlink: /home/daniel/ros2_ws/install/my_robot/share/my_robot/local_setup.zsh
[0.228s] -- Up-to-date symlink: /home/daniel/ros2_ws/install/my_robot/share/my_robot/local_setup.dsv
[0.228s] -- Symlinking: /home/daniel/ros2_ws/install/my_robot/share/my_robot/package.dsv
[0.237s] -- Up-to-date symlink: /home/daniel/ros2_ws/install/my_robot/share/ament_index/resource_index/packages/my_robot
[0.237s] -- Up-to-date symlink: /home/daniel/ros2_ws/install/my_robot/share/my_robot/cmake/my_robotConfig.cmake
[0.237s] -- Up-to-date symlink: /home/daniel/ros2_ws/install/my_robot/share/my_robot/cmake/my_robotConfig-version.cmake
[0.238s] -- Up-to-date symlink: /home/daniel/ros2_ws/install/my_robot/share/my_robot/package.xml
[0.239s] Invoked command in '/home/daniel/ros2_ws/build/my_robot' returned '0': CMAKE_PREFIX_PATH=/opt/ros/humble /usr/bin/cmake --install /home/daniel/ros2_ws/build/my_robot
