[0.048s] Invoking command in '/home/daniel/ros2_ws/build/my_robot': CMAKE_PREFIX_PATH=/opt/ros/humble /usr/bin/cmake --build /home/daniel/ros2_ws/build/my_robot -- -j2 -l2
[0.397s] Invoked command in '/home/daniel/ros2_ws/build/my_robot' returned '0': CMAKE_PREFIX_PATH=/opt/ros/humble /usr/bin/cmake --build /home/daniel/ros2_ws/build/my_robot -- -j2 -l2
[0.413s] Invoking command in '/home/daniel/ros2_ws/build/my_robot': CMAKE_PREFIX_PATH=/opt/ros/humble /usr/bin/cmake --install /home/daniel/ros2_ws/build/my_robot
[0.430s] -- Install configuration: ""
[0.431s] -- Execute custom install script
[0.431s] -- Up-to-date symlink: /home/daniel/ros2_ws/install/my_robot/share/ament_index/resource_index/package_run_dependencies/my_robot
[0.431s] -- Up-to-date symlink: /home/daniel/ros2_ws/install/my_robot/share/ament_index/resource_index/parent_prefix_path/my_robot
[0.431s] -- Up-to-date symlink: /home/daniel/ros2_ws/install/my_robot/share/my_robot/environment/ament_prefix_path.sh
[0.431s] -- Up-to-date symlink: /home/daniel/ros2_ws/install/my_robot/share/my_robot/environment/ament_prefix_path.dsv
[0.431s] -- Up-to-date symlink: /home/daniel/ros2_ws/install/my_robot/share/my_robot/environment/path.sh
[0.431s] -- Up-to-date symlink: /home/daniel/ros2_ws/install/my_robot/share/my_robot/environment/path.dsv
[0.431s] -- Up-to-date symlink: /home/daniel/ros2_ws/install/my_robot/share/my_robot/local_setup.bash
[0.436s] -- Up-to-date symlink: /home/daniel/ros2_ws/install/my_robot/share/my_robot/local_setup.sh
[0.437s] -- Up-to-date symlink: /home/daniel/ros2_ws/install/my_robot/share/my_robot/local_setup.zsh
[0.437s] -- Up-to-date symlink: /home/daniel/ros2_ws/install/my_robot/share/my_robot/local_setup.dsv
[0.438s] -- Symlinking: /home/daniel/ros2_ws/install/my_robot/share/my_robot/package.dsv
[0.448s] -- Up-to-date symlink: /home/daniel/ros2_ws/install/my_robot/share/ament_index/resource_index/packages/my_robot
[0.448s] -- Up-to-date symlink: /home/daniel/ros2_ws/install/my_robot/share/my_robot/cmake/my_robotConfig.cmake
[0.448s] -- Up-to-date symlink: /home/daniel/ros2_ws/install/my_robot/share/my_robot/cmake/my_robotConfig-version.cmake
[0.450s] -- Up-to-date symlink: /home/daniel/ros2_ws/install/my_robot/share/my_robot/package.xml
[0.452s] Invoked command in '/home/daniel/ros2_ws/build/my_robot' returned '0': CMAKE_PREFIX_PATH=/opt/ros/humble /usr/bin/cmake --install /home/daniel/ros2_ws/build/my_robot
