[0.021s] Invoking command in '/home/daniel/ros2_ws/build/my_robot': CMAKE_PREFIX_PATH=/opt/ros/humble /usr/bin/cmake /home/daniel/ros2_ws/src/my_robot -DCMAKE_INSTALL_PREFIX=/home/daniel/ros2_ws/install/my_robot
[0.033s] -- Found ament_cmake: 1.3.11 (/opt/ros/humble/share/ament_cmake/cmake)
[0.109s] -- Override CMake install command with custom implementation using symlinks instead of copying resources
[0.118s] -- Found ament_lint_auto: 0.12.11 (/opt/ros/humble/share/ament_lint_auto/cmake)
[0.173s] -- Added test 'flake8' to check Python code syntax and style conventions
[0.176s] -- Added test 'lint_cmake' to check CMake code style
[0.176s] -- Added test 'pep257' to check Python code against some of the docstring style conventions in PEP 257
[0.177s] -- Added test 'xmllint' to check XML markup files
[0.177s] -- Configuring done
[0.183s] -- Generating done
[0.189s] -- Build files have been written to: /home/daniel/ros2_ws/build/my_robot
[0.191s] Invoked command in '/home/daniel/ros2_ws/build/my_robot' returned '0': CMAKE_PREFIX_PATH=/opt/ros/humble /usr/bin/cmake /home/daniel/ros2_ws/src/my_robot -DCMAKE_INSTALL_PREFIX=/home/daniel/ros2_ws/install/my_robot
[0.192s] Invoking command in '/home/daniel/ros2_ws/build/my_robot': CMAKE_PREFIX_PATH=/opt/ros/humble /usr/bin/cmake --build /home/daniel/ros2_ws/build/my_robot -- -j2 -l2
[0.239s] Invoked command in '/home/daniel/ros2_ws/build/my_robot' returned '0': CMAKE_PREFIX_PATH=/opt/ros/humble /usr/bin/cmake --build /home/daniel/ros2_ws/build/my_robot -- -j2 -l2
[0.243s] Invoking command in '/home/daniel/ros2_ws/build/my_robot': CMAKE_PREFIX_PATH=/opt/ros/humble /usr/bin/cmake --install /home/daniel/ros2_ws/build/my_robot
[0.249s] -- Install configuration: ""
[0.250s] -- Execute custom install script
[0.251s] -- Up-to-date symlink: /home/daniel/ros2_ws/install/my_robot/share/ament_index/resource_index/package_run_dependencies/my_robot
[0.251s] -- Up-to-date symlink: /home/daniel/ros2_ws/install/my_robot/share/ament_index/resource_index/parent_prefix_path/my_robot
[0.252s] -- Up-to-date symlink: /home/daniel/ros2_ws/install/my_robot/share/my_robot/environment/ament_prefix_path.sh
[0.252s] -- Up-to-date symlink: /home/daniel/ros2_ws/install/my_robot/share/my_robot/environment/ament_prefix_path.dsv
[0.253s] -- Up-to-date symlink: /home/daniel/ros2_ws/install/my_robot/share/my_robot/environment/path.sh
[0.253s] -- Up-to-date symlink: /home/daniel/ros2_ws/install/my_robot/share/my_robot/environment/path.dsv
[0.254s] -- Up-to-date symlink: /home/daniel/ros2_ws/install/my_robot/share/my_robot/local_setup.bash
[0.254s] -- Up-to-date symlink: /home/daniel/ros2_ws/install/my_robot/share/my_robot/local_setup.sh
[0.254s] -- Up-to-date symlink: /home/daniel/ros2_ws/install/my_robot/share/my_robot/local_setup.zsh
[0.255s] -- Up-to-date symlink: /home/daniel/ros2_ws/install/my_robot/share/my_robot/local_setup.dsv
[0.255s] -- Symlinking: /home/daniel/ros2_ws/install/my_robot/share/my_robot/package.dsv
[0.263s] -- Up-to-date symlink: /home/daniel/ros2_ws/install/my_robot/share/ament_index/resource_index/packages/my_robot
[0.264s] -- Up-to-date symlink: /home/daniel/ros2_ws/install/my_robot/share/my_robot/cmake/my_robotConfig.cmake
[0.264s] -- Up-to-date symlink: /home/daniel/ros2_ws/install/my_robot/share/my_robot/cmake/my_robotConfig-version.cmake
[0.264s] -- Up-to-date symlink: /home/daniel/ros2_ws/install/my_robot/share/my_robot/package.xml
[0.267s] Invoked command in '/home/daniel/ros2_ws/build/my_robot' returned '0': CMAKE_PREFIX_PATH=/opt/ros/humble /usr/bin/cmake --install /home/daniel/ros2_ws/build/my_robot
