[0.014s] Invoking command in '/home/daniel/ros2_ws/build/my_robot': CMAKE_PREFIX_PATH=${CMAKE_PREFIX_PATH}:/home/daniel/ros2_ws/install/robot_navigation:/opt/ros/humble /usr/bin/cmake /home/daniel/ros2_ws/src/my_robot -DAMENT_CMAKE_SYMLINK_INSTALL=1 -DCMAKE_INSTALL_PREFIX=/home/daniel/ros2_ws/install/my_robot
[0.057s] -- Found ament_cmake: 1.3.11 (/opt/ros/humble/share/ament_cmake/cmake)
[0.168s] -- Override CMake install command with custom implementation using symlinks instead of copying resources
[0.199s] -- Found ament_lint_auto: 0.12.11 (/opt/ros/humble/share/ament_lint_auto/cmake)
[0.266s] -- Added test 'flake8' to check Python code syntax and style conventions
[0.267s] -- Added test 'lint_cmake' to check CMake code style
[0.268s] -- Added test 'pep257' to check Python code against some of the docstring style conventions in PEP 257
[0.269s] -- Added test 'xmllint' to check XML markup files
[0.272s] -- Configuring done
[0.280s] -- Generating done
[0.283s] -- Build files have been written to: /home/daniel/ros2_ws/build/my_robot
[0.288s] Invoked command in '/home/daniel/ros2_ws/build/my_robot' returned '0': CMAKE_PREFIX_PATH=${CMAKE_PREFIX_PATH}:/home/daniel/ros2_ws/install/robot_navigation:/opt/ros/humble /usr/bin/cmake /home/daniel/ros2_ws/src/my_robot -DAMENT_CMAKE_SYMLINK_INSTALL=1 -DCMAKE_INSTALL_PREFIX=/home/daniel/ros2_ws/install/my_robot
[0.289s] Invoking command in '/home/daniel/ros2_ws/build/my_robot': CMAKE_PREFIX_PATH=${CMAKE_PREFIX_PATH}:/home/daniel/ros2_ws/install/robot_navigation:/opt/ros/humble /usr/bin/cmake --build /home/daniel/ros2_ws/build/my_robot -- -j2 -l2
[0.323s] Invoked command in '/home/daniel/ros2_ws/build/my_robot' returned '0': CMAKE_PREFIX_PATH=${CMAKE_PREFIX_PATH}:/home/daniel/ros2_ws/install/robot_navigation:/opt/ros/humble /usr/bin/cmake --build /home/daniel/ros2_ws/build/my_robot -- -j2 -l2
[0.341s] Invoking command in '/home/daniel/ros2_ws/build/my_robot': CMAKE_PREFIX_PATH=${CMAKE_PREFIX_PATH}:/home/daniel/ros2_ws/install/robot_navigation:/opt/ros/humble /usr/bin/cmake --install /home/daniel/ros2_ws/build/my_robot
[0.341s] -- Install configuration: ""
[0.341s] -- Execute custom install script
[0.341s] -- Symlinking: /home/daniel/ros2_ws/install/my_robot/share/ament_index/resource_index/package_run_dependencies/my_robot
[0.353s] -- Symlinking: /home/daniel/ros2_ws/install/my_robot/share/ament_index/resource_index/parent_prefix_path/my_robot
[0.364s] -- Symlinking: /home/daniel/ros2_ws/install/my_robot/share/my_robot/environment/ament_prefix_path.sh
[0.370s] -- Symlinking: /home/daniel/ros2_ws/install/my_robot/share/my_robot/environment/ament_prefix_path.dsv
[0.379s] -- Symlinking: /home/daniel/ros2_ws/install/my_robot/share/my_robot/environment/path.sh
[0.387s] -- Symlinking: /home/daniel/ros2_ws/install/my_robot/share/my_robot/environment/path.dsv
[0.395s] -- Symlinking: /home/daniel/ros2_ws/install/my_robot/share/my_robot/local_setup.bash
[0.405s] -- Symlinking: /home/daniel/ros2_ws/install/my_robot/share/my_robot/local_setup.sh
[0.415s] -- Symlinking: /home/daniel/ros2_ws/install/my_robot/share/my_robot/local_setup.zsh
[0.436s] -- Symlinking: /home/daniel/ros2_ws/install/my_robot/share/my_robot/local_setup.dsv
[0.454s] -- Symlinking: /home/daniel/ros2_ws/install/my_robot/share/my_robot/package.dsv
[0.479s] -- Symlinking: /home/daniel/ros2_ws/install/my_robot/share/ament_index/resource_index/packages/my_robot
[0.504s] -- Symlinking: /home/daniel/ros2_ws/install/my_robot/share/my_robot/cmake/my_robotConfig.cmake
[0.528s] -- Symlinking: /home/daniel/ros2_ws/install/my_robot/share/my_robot/cmake/my_robotConfig-version.cmake
[0.543s] -- Symlinking: /home/daniel/ros2_ws/install/my_robot/share/my_robot/package.xml
[0.553s] Invoked command in '/home/daniel/ros2_ws/build/my_robot' returned '0': CMAKE_PREFIX_PATH=${CMAKE_PREFIX_PATH}:/home/daniel/ros2_ws/install/robot_navigation:/opt/ros/humble /usr/bin/cmake --install /home/daniel/ros2_ws/build/my_robot
