[0.015s] Invoking command in '/home/daniel/ros2_ws/build/my_robot': CMAKE_PREFIX_PATH=${CMAKE_PREFIX_PATH}:/home/daniel/ros2_ws/install/robot_navigation:/opt/ros/humble /usr/bin/cmake /home/daniel/ros2_ws/src/my_robot -DCMAKE_INSTALL_PREFIX=/home/daniel/ros2_ws/install/my_robot
[0.171s] -- Found ament_cmake: 1.3.11 (/opt/ros/humble/share/ament_cmake/cmake)
[0.171s] -- Override CMake install command with custom implementation using symlinks instead of copying resources
[0.171s] -- Found ament_lint_auto: 0.12.11 (/opt/ros/humble/share/ament_lint_auto/cmake)
[0.172s] -- Added test 'flake8' to check Python code syntax and style conventions
[0.172s] -- Added test 'lint_cmake' to check CMake code style
[0.172s] -- Added test 'pep257' to check Python code against some of the docstring style conventions in PEP 257
[0.172s] -- Added test 'xmllint' to check XML markup files
[0.172s] -- Configuring done
[0.172s] -- Generating done
[0.175s] -- Build files have been written to: /home/daniel/ros2_ws/build/my_robot
[0.178s] Invoked command in '/home/daniel/ros2_ws/build/my_robot' returned '0': CMAKE_PREFIX_PATH=${CMAKE_PREFIX_PATH}:/home/daniel/ros2_ws/install/robot_navigation:/opt/ros/humble /usr/bin/cmake /home/daniel/ros2_ws/src/my_robot -DCMAKE_INSTALL_PREFIX=/home/daniel/ros2_ws/install/my_robot
[0.185s] Invoking command in '/home/daniel/ros2_ws/build/my_robot': CMAKE_PREFIX_PATH=${CMAKE_PREFIX_PATH}:/home/daniel/ros2_ws/install/robot_navigation:/opt/ros/humble /usr/bin/cmake --build /home/daniel/ros2_ws/build/my_robot -- -j2 -l2
[0.215s] Invoked command in '/home/daniel/ros2_ws/build/my_robot' returned '0': CMAKE_PREFIX_PATH=${CMAKE_PREFIX_PATH}:/home/daniel/ros2_ws/install/robot_navigation:/opt/ros/humble /usr/bin/cmake --build /home/daniel/ros2_ws/build/my_robot -- -j2 -l2
[0.230s] Invoking command in '/home/daniel/ros2_ws/build/my_robot': CMAKE_PREFIX_PATH=${CMAKE_PREFIX_PATH}:/home/daniel/ros2_ws/install/robot_navigation:/opt/ros/humble /usr/bin/cmake --install /home/daniel/ros2_ws/build/my_robot
[0.231s] -- Install configuration: ""
[0.231s] -- Execute custom install script
[0.231s] -- Up-to-date symlink: /home/daniel/ros2_ws/install/my_robot/share/ament_index/resource_index/package_run_dependencies/my_robot
[0.231s] -- Up-to-date symlink: /home/daniel/ros2_ws/install/my_robot/share/ament_index/resource_index/parent_prefix_path/my_robot
[0.232s] -- Up-to-date symlink: /home/daniel/ros2_ws/install/my_robot/share/my_robot/environment/ament_prefix_path.sh
[0.232s] -- Up-to-date symlink: /home/daniel/ros2_ws/install/my_robot/share/my_robot/environment/ament_prefix_path.dsv
[0.232s] -- Up-to-date symlink: /home/daniel/ros2_ws/install/my_robot/share/my_robot/environment/path.sh
[0.232s] -- Up-to-date symlink: /home/daniel/ros2_ws/install/my_robot/share/my_robot/environment/path.dsv
[0.233s] -- Up-to-date symlink: /home/daniel/ros2_ws/install/my_robot/share/my_robot/local_setup.bash
[0.233s] -- Up-to-date symlink: /home/daniel/ros2_ws/install/my_robot/share/my_robot/local_setup.sh
[0.233s] -- Up-to-date symlink: /home/daniel/ros2_ws/install/my_robot/share/my_robot/local_setup.zsh
[0.234s] -- Up-to-date symlink: /home/daniel/ros2_ws/install/my_robot/share/my_robot/local_setup.dsv
[0.234s] -- Symlinking: /home/daniel/ros2_ws/install/my_robot/share/my_robot/package.dsv
[0.245s] -- Up-to-date symlink: /home/daniel/ros2_ws/install/my_robot/share/ament_index/resource_index/packages/my_robot
[0.245s] -- Up-to-date symlink: /home/daniel/ros2_ws/install/my_robot/share/my_robot/cmake/my_robotConfig.cmake
[0.246s] -- Up-to-date symlink: /home/daniel/ros2_ws/install/my_robot/share/my_robot/cmake/my_robotConfig-version.cmake
[0.246s] -- Up-to-date symlink: /home/daniel/ros2_ws/install/my_robot/share/my_robot/package.xml
[0.249s] Invoked command in '/home/daniel/ros2_ws/build/my_robot' returned '0': CMAKE_PREFIX_PATH=${CMAKE_PREFIX_PATH}:/home/daniel/ros2_ws/install/robot_navigation:/opt/ros/humble /usr/bin/cmake --install /home/daniel/ros2_ws/build/my_robot
