[0.431s] Invoking command in '/home/daniel/ros2_ws/build/robot_navigation': PYTHONPATH=/home/daniel/ros2_ws/build/robot_navigation/prefix_override:/usr/lib/python3/dist-packages/colcon_core/task/python/colcon_distutils_commands:/home/daniel/ros2_ws/install/robot_navigation/lib/python3.10/site-packages:${PYTHONPATH} /usr/bin/python3 -W ignore:setup.py install is deprecated -W ignore:easy_install command is deprecated setup.py develop --uninstall --editable --build-directory /home/daniel/ros2_ws/build/robot_navigation/build
[0.579s] running develop
[0.652s] Removing /home/daniel/ros2_ws/install/robot_navigation/lib/python3.10/site-packages/robot-navigation.egg-link (link to .)
[0.671s] Invoked command in '/home/daniel/ros2_ws/build/robot_navigation' returned '0': PYTHONPATH=/home/daniel/ros2_ws/build/robot_navigation/prefix_override:/usr/lib/python3/dist-packages/colcon_core/task/python/colcon_distutils_commands:/home/daniel/ros2_ws/install/robot_navigation/lib/python3.10/site-packages:${PYTHONPATH} /usr/bin/python3 -W ignore:setup.py install is deprecated -W ignore:easy_install command is deprecated setup.py develop --uninstall --editable --build-directory /home/daniel/ros2_ws/build/robot_navigation/build
[0.673s] Invoking command in '/home/daniel/ros2_ws/src/robot_navigation': PYTHONPATH=/home/daniel/ros2_ws/build/robot_navigation/prefix_override:/usr/lib/python3/dist-packages/colcon_core/task/python/colcon_distutils_commands:/home/daniel/ros2_ws/install/robot_navigation/lib/python3.10/site-packages:${PYTHONPATH} /usr/bin/python3 -W ignore:setup.py install is deprecated -W ignore:easy_install command is deprecated setup.py egg_info --egg-base ../../build/robot_navigation build --build-base /home/daniel/ros2_ws/build/robot_navigation/build install --record /home/daniel/ros2_ws/build/robot_navigation/install.log --single-version-externally-managed install_data --force
[0.796s] running egg_info
[0.797s] writing ../../build/robot_navigation/robot_navigation.egg-info/PKG-INFO
[0.797s] writing dependency_links to ../../build/robot_navigation/robot_navigation.egg-info/dependency_links.txt
[0.797s] writing entry points to ../../build/robot_navigation/robot_navigation.egg-info/entry_points.txt
[0.797s] writing requirements to ../../build/robot_navigation/robot_navigation.egg-info/requires.txt
[0.797s] writing top-level names to ../../build/robot_navigation/robot_navigation.egg-info/top_level.txt
[0.798s] reading manifest file '../../build/robot_navigation/robot_navigation.egg-info/SOURCES.txt'
[0.798s] writing manifest file '../../build/robot_navigation/robot_navigation.egg-info/SOURCES.txt'
[0.798s] running build
[0.798s] running install
[0.798s] running install_data
[0.799s] copying resource/robot_navigation -> /home/daniel/ros2_ws/install/robot_navigation/share/ament_index/resource_index/packages
[0.799s] copying package.xml -> /home/daniel/ros2_ws/install/robot_navigation/share/robot_navigation
[0.799s] running install_egg_info
[0.801s] Copying ../../build/robot_navigation/robot_navigation.egg-info to /home/daniel/ros2_ws/install/robot_navigation/lib/python3.10/site-packages/robot_navigation-0.0.0-py3.10.egg-info
[0.801s] running install_scripts
[0.813s] writing list of installed files to '/home/daniel/ros2_ws/build/robot_navigation/install.log'
[0.832s] Invoked command in '/home/daniel/ros2_ws/src/robot_navigation' returned '0': PYTHONPATH=/home/daniel/ros2_ws/build/robot_navigation/prefix_override:/usr/lib/python3/dist-packages/colcon_core/task/python/colcon_distutils_commands:/home/daniel/ros2_ws/install/robot_navigation/lib/python3.10/site-packages:${PYTHONPATH} /usr/bin/python3 -W ignore:setup.py install is deprecated -W ignore:easy_install command is deprecated setup.py egg_info --egg-base ../../build/robot_navigation build --build-base /home/daniel/ros2_ws/build/robot_navigation/build install --record /home/daniel/ros2_ws/build/robot_navigation/install.log --single-version-externally-managed install_data --force
