[0.021s] Invoking command in '/home/daniel/ros2_ws/build/my_robot': CMAKE_PREFIX_PATH=${CMAKE_PREFIX_PATH}:/home/daniel/ros2_ws/install/robot_navigation:/opt/ros/humble /usr/bin/cmake --build /home/daniel/ros2_ws/build/my_robot -- -j2 -l2
[0.214s] Invoked command in '/home/daniel/ros2_ws/build/my_robot' returned '0': CMAKE_PREFIX_PATH=${CMAKE_PREFIX_PATH}:/home/daniel/ros2_ws/install/robot_navigation:/opt/ros/humble /usr/bin/cmake --build /home/daniel/ros2_ws/build/my_robot -- -j2 -l2
[0.231s] Invoking command in '/home/daniel/ros2_ws/build/my_robot': CMAKE_PREFIX_PATH=${CMAKE_PREFIX_PATH}:/home/daniel/ros2_ws/install/robot_navigation:/opt/ros/humble /usr/bin/cmake --install /home/daniel/ros2_ws/build/my_robot
[0.246s] -- Install configuration: ""
[0.247s] -- Up-to-date: /home/daniel/ros2_ws/install/my_robot/share/ament_index/resource_index/package_run_dependencies/my_robot
[0.247s] -- Up-to-date: /home/daniel/ros2_ws/install/my_robot/share/ament_index/resource_index/parent_prefix_path/my_robot
[0.247s] -- Up-to-date: /home/daniel/ros2_ws/install/my_robot/share/my_robot/environment/ament_prefix_path.sh
[0.248s] -- Up-to-date: /home/daniel/ros2_ws/install/my_robot/share/my_robot/environment/ament_prefix_path.dsv
[0.248s] -- Up-to-date: /home/daniel/ros2_ws/install/my_robot/share/my_robot/environment/path.sh
[0.248s] -- Up-to-date: /home/daniel/ros2_ws/install/my_robot/share/my_robot/environment/path.dsv
[0.248s] -- Up-to-date: /home/daniel/ros2_ws/install/my_robot/share/my_robot/local_setup.bash
[0.248s] -- Up-to-date: /home/daniel/ros2_ws/install/my_robot/share/my_robot/local_setup.sh
[0.249s] -- Up-to-date: /home/daniel/ros2_ws/install/my_robot/share/my_robot/local_setup.zsh
[0.249s] -- Up-to-date: /home/daniel/ros2_ws/install/my_robot/share/my_robot/local_setup.dsv
[0.250s] -- Installing: /home/daniel/ros2_ws/install/my_robot/share/my_robot/package.dsv
[0.251s] -- Up-to-date: /home/daniel/ros2_ws/install/my_robot/share/ament_index/resource_index/packages/my_robot
[0.251s] -- Up-to-date: /home/daniel/ros2_ws/install/my_robot/share/my_robot/cmake/my_robotConfig.cmake
[0.251s] -- Up-to-date: /home/daniel/ros2_ws/install/my_robot/share/my_robot/cmake/my_robotConfig-version.cmake
[0.252s] -- Up-to-date: /home/daniel/ros2_ws/install/my_robot/share/my_robot/package.xml
[0.259s] Invoked command in '/home/daniel/ros2_ws/build/my_robot' returned '0': CMAKE_PREFIX_PATH=${CMAKE_PREFIX_PATH}:/home/daniel/ros2_ws/install/robot_navigation:/opt/ros/humble /usr/bin/cmake --install /home/daniel/ros2_ws/build/my_robot
