[0.042s] Invoking command in '/home/daniel/ros2_ws/build/my_robot': CMAKE_PREFIX_PATH=${CMAKE_PREFIX_PATH}:/home/daniel/ros2_ws/install/robot_navigation:/opt/ros/humble /usr/bin/cmake --build /home/daniel/ros2_ws/build/my_robot -- -j2 -l2
[0.092s] -- Found ament_cmake: 1.3.11 (/opt/ros/humble/share/ament_cmake/cmake)
[0.322s] -- Override CMake install command with custom implementation using symlinks instead of copying resources
[0.405s] -- Found rclpy: 3.3.15 (/opt/ros/humble/share/rclpy/cmake)
[0.419s] -- Found geometry_msgs: 4.2.4 (/opt/ros/humble/share/geometry_msgs/cmake)
[0.632s] -- Found rosidl_generator_c: 3.1.6 (/opt/ros/humble/share/rosidl_generator_c/cmake)
[0.647s] -- Found rosidl_adapter: 3.1.6 (/opt/ros/humble/share/rosidl_adapter/cmake)
[0.677s] -- Found rosidl_generator_cpp: 3.1.6 (/opt/ros/humble/share/rosidl_generator_cpp/cmake)
[0.716s] -- Using all available rosidl_typesupport_c: rosidl_typesupport_fastrtps_c;rosidl_typesupport_introspection_c
[0.762s] -- Using all available rosidl_typesupport_cpp: rosidl_typesupport_fastrtps_cpp;rosidl_typesupport_introspection_cpp
[0.855s] -- Found ament_lint_auto: 0.12.11 (/opt/ros/humble/share/ament_lint_auto/cmake)
[1.021s] -- Added test 'flake8' to check Python code syntax and style conventions
[1.021s] -- Added test 'lint_cmake' to check CMake code style
[1.021s] -- Added test 'pep257' to check Python code against some of the docstring style conventions in PEP 257
[1.021s] -- Added test 'xmllint' to check XML markup files
[1.024s] -- Configuring done
[1.042s] -- Generating done
[1.053s] -- Build files have been written to: /home/daniel/ros2_ws/build/my_robot
[1.120s] Invoked command in '/home/daniel/ros2_ws/build/my_robot' returned '0': CMAKE_PREFIX_PATH=${CMAKE_PREFIX_PATH}:/home/daniel/ros2_ws/install/robot_navigation:/opt/ros/humble /usr/bin/cmake --build /home/daniel/ros2_ws/build/my_robot -- -j2 -l2
[1.140s] Invoking command in '/home/daniel/ros2_ws/build/my_robot': CMAKE_PREFIX_PATH=${CMAKE_PREFIX_PATH}:/home/daniel/ros2_ws/install/robot_navigation:/opt/ros/humble /usr/bin/cmake --install /home/daniel/ros2_ws/build/my_robot
[1.150s] -- Install configuration: ""
[1.151s] -- Execute custom install script
[1.153s] [31mCMake Error at ament_cmake_symlink_install/ament_cmake_symlink_install.cmake:204 (message):
[1.153s]   ament_cmake_symlink_install_programs() can't find
[1.153s]   '/home/daniel/ros2_ws/src/my_robot/src/my_robot/simple_teleop.py'
[1.153s] Call Stack (most recent call first):
[1.153s]   ament_cmake_symlink_install/ament_cmake_symlink_install.cmake:314 (ament_cmake_symlink_install_programs)
[1.153s]   cmake_install.cmake:46 (include)
[1.153s] 
[1.154s] [0m
[1.159s] Invoked command in '/home/daniel/ros2_ws/build/my_robot' returned '1': CMAKE_PREFIX_PATH=${CMAKE_PREFIX_PATH}:/home/daniel/ros2_ws/install/robot_navigation:/opt/ros/humble /usr/bin/cmake --install /home/daniel/ros2_ws/build/my_robot
